code/proguard.txt
# This is a configuration file for ProGuard.
# http://proguard.sourceforge.net/index.html#manual/usage.html
-libraryjars E:\dev_tools\adt-bundle-windows-x86-20140321\sdk\platforms\android-19\android.jar

-libraryjars libs/android-support-v4.jar
-libraryjars libs/android-support-annotations.jar
-libraryjars libs/square-seismic-1.0.0.jar
-libraryjars libs/umilocalpaysdk-V221.jar
-libraryjars libs/UPPayAssistEx.jar
-libraryjars libs/UPPayPluginEx.jar

-optimizationpasses 5
-dontusemixedcaseclassnames
-dontskipnonpubliclibraryclasses
-dontpreverify
-verbose

#-ignorewarnings

-dontusemixedcaseclassnames
-dontskipnonpubliclibraryclasses
-verbose

# Optimization is turned off by default. Dex does not like code run
# through the ProGuard optimize and preverify steps (and performs some
# of these optimizations on its own).
-dontoptimize
-dontpreverify
# Note that if you want to enable optimization, you cannot just
# include optimization flags in your own project configuration file;
# instead you will need to point to the
# "proguard-android-optimize.txt" file instead of this one from your
# project.properties file.

-keepattributes *Annotation*
-keep public class com.google.vending.licensing.ILicensingService
-keep public class com.android.vending.licensing.ILicensingService
-keep public class android.media.RemoteController
-keep public class android.media.AudioManager
-keep public class fr.ydelouis.widget.SwipeToDeleteListView

-dontskipnonpubliclibraryclassmembers
-dontwarn android.media.RemoteController
-dontwarn android.media.AudioManager
-keep class android.** {*;}
-keep class android.view.* {*;}

 


# For native methods, see http://proguard.sourceforge.net/manual/examples.html#native
-keepclasseswithmembernames class * {
    native <methods>;
}

# keep setters in Views so that animations can still work.
# see http://proguard.sourceforge.net/manual/examples.html#beans
-keepclassmembers public class * extends android.view.View {
   void set*(***);
   *** get*();
}

# We want to keep methods in Activity that could be used in the XML attribute onClick
-keepclassmembers class * extends android.app.Activity {
   public void *(android.view.View);
}

# For enumeration classes, see http://proguard.sourceforge.net/manual/examples.html#enumerations
-keepclassmembers enum * {
    public static **[] values();
    public static ** valueOf(java.lang.String);
}

-keep class * implements android.os.Parcelable {
  public static final android.os.Parcelable$Creator *;
}

-keepclassmembers class **.R$* {
    public static <fields>;
}

-keepclassmembers  class * extends android.app.DialogFragment {
	*;
}

# The support library contains references to newer platform versions.
# Don't warn about those in case this app is linking against an older
# platform version.  We know about them, and they are safe.
-dontwarn android.support.**

  
-keepclasseswithmembers class * {
   void set*(***);
   *** get*();
}

-dontwarn android.net.http.SslError
-keep class android.net.http.SslError{*;}
-keep class net.owan.android.** {*;}
-keep class net.umipay.android.** {*;}
-keep class com.unionpay.** {*;}
-keep class com.UCMobile.PayPlugin.** {*;}
-keep class com.unionpay.** {*;}
-keep class com.umipay.demo.**{*;}
-keep class **.R$* {*;}
-keep class com.softboy.screenlocker.**{*;}
-keep class fr.ydelouis.widget.**{*;}
#-keep class com.softboy.screenlocker.*.*{*;}
-dontwarn  com.softboy.screenlocker.iab.DonationFragment
-dontwarn com.android.vending.licensing.ILicensingService
-keep class  com.android.vending.licensing.ILicensingService

-keep class android.**{*;}
-keep class libcore.**{*;}
-keep class libcore.icu.ICU
-dontwarn android.support.v4.**  

-dontwarn android.view.View$AttachInfo
-keep class android.view.View.AttachInfo




-keep public class * extends android.app.Activity  
-keep public class * extends android.app.Application  
-keep public class * extends android.app.Service  
-keep public class * extends android.content.BroadcastReceiver  
-keep public class * extends android.content.ContentProvider  
-keep public class com.android.vending.licensing.ILicensingService  
 
-keepclasseswithmembernames class * {  
    native <methods>;  
}  
-keepclasseswithmembernames class * {  
    public <init>(android.content.Context, android.util.AttributeSet);  
}  
-keepclasseswithmembernames class * {  
    public <init>(android.content.Context, android.util.AttributeSet, int);  
}  
-keepclassmembers enum * {  
    public static **[] values();  
    public static ** valueOf(java.lang.String);  
}  
-keep class * implements android.os.Parcelable {  
  public static final android.os.Parcelable$Creator *;  
}  
-keep class android.content.DialogInterface
-keep class android.content.DialogInterface.OnShowListener
-dontwarn android.content.DialogInterface.OnShowListener


-keepclassmembers  class android.** {
	*;
}