code/proguard/seeds.txt
net.umipay.android.b.a
net.umipay.android.b.a: android.widget.RelativeLayout i
net.umipay.android.b.a: android.view.ViewGroup j
net.umipay.android.b.a: android.widget.ProgressBar k
net.umipay.android.b.a: android.widget.TextView l
net.umipay.android.b.a: a()
net.umipay.android.b.a: void onCreate(android.os.Bundle)
net.umipay.android.b.a: void a(int)
net.umipay.android.b.a: void showLoadingView(boolean,java.lang.String)
net.umipay.android.b.a: boolean isLoadingViewVisible()
net.umipay.android.b.a: void toast(java.lang.String)
net.umipay.android.b.a: void toastL(java.lang.String)
net.umipay.android.c
net.umipay.android.c: int a
net.umipay.android.c: net.umipay.android.UmipayBrowser b
net.umipay.android.c: c(net.umipay.android.UmipayBrowser,int)
net.umipay.android.c: void run()
net.umipay.android.c.a
net.umipay.android.c.a: android.content.Context a
net.umipay.android.c.a: java.lang.String b
net.umipay.android.c.a: java.lang.String c
net.umipay.android.c.a: net.umipay.android.a.a d
net.umipay.android.c.a: int e
net.umipay.android.c.a: java.lang.String f
net.umipay.android.c.a: long g
net.umipay.android.c.a: a(android.content.Context,java.lang.String,java.lang.String)
net.umipay.android.c.a: java.lang.Boolean a(java.lang.Void[])
net.umipay.android.c.a: void a(java.lang.Boolean)
net.umipay.android.c.a: void onPostExecute(java.lang.Object)
net.umipay.android.c.a: java.lang.Object doInBackground(java.lang.Object[])
net.umipay.android.c.b
net.umipay.android.c.b: android.content.Context a
net.umipay.android.c.b: java.lang.String b
net.umipay.android.c.b: java.lang.String c
net.umipay.android.c.b: java.lang.String d
net.umipay.android.c.b: b(android.content.Context,java.lang.String,java.lang.String,java.lang.String)
net.umipay.android.c.b: java.lang.Boolean a(java.lang.Void[])
net.umipay.android.c.b: void a(java.lang.Boolean)
net.umipay.android.c.b: void onPostExecute(java.lang.Object)
net.umipay.android.c.b: java.lang.Object doInBackground(java.lang.Object[])
net.umipay.android.c.c
net.umipay.android.c.c: android.content.Context b
net.umipay.android.c.c: java.util.List c
net.umipay.android.c.c: int d
net.umipay.android.c.c: java.util.List e
net.umipay.android.c.c: net.umipay.android.c.d a
net.umipay.android.c.c: c(android.content.Context,java.util.List,net.umipay.android.c.d,int)
net.umipay.android.c.c: java.lang.Boolean a(java.lang.Void[])
net.umipay.android.c.c: void a(java.lang.Boolean)
net.umipay.android.c.c: void onPostExecute(java.lang.Object)
net.umipay.android.c.c: java.lang.Object doInBackground(java.lang.Object[])
net.umipay.android.c.d
net.umipay.android.c.d: void a(java.util.List)
net.umipay.android.c.e
net.umipay.android.c.e: e()
net.umipay.android.c.e: android.os.AsyncTask a(java.lang.Object[])
net.umipay.android.d
net.umipay.android.d: net.umipay.android.UmipayBrowser a
net.umipay.android.d: d(net.umipay.android.UmipayBrowser)
net.umipay.android.d: void onClick(android.content.DialogInterface,int)
net.umipay.android.d.a
net.umipay.android.d.a: int a
net.umipay.android.d.a: org.json.JSONObject b
net.umipay.android.d.a: java.lang.String c
net.umipay.android.d.a: a()
net.umipay.android.d.a: org.json.JSONObject a()
net.umipay.android.d.a: java.lang.String b()
net.umipay.android.d.a: net.umipay.android.d.a a(android.content.Context,java.lang.String)
net.umipay.android.d.a: int c()
net.umipay.android.d.a: net.umipay.android.d.a d()
net.umipay.android.d.a: net.umipay.android.d.a e()
net.umipay.android.d.a: net.umipay.android.d.a f()
net.umipay.android.d.aa
net.umipay.android.d.aa: java.lang.String mA
net.umipay.android.d.aa: java.lang.String mB
net.umipay.android.d.aa: aa(java.lang.String,java.lang.String)
net.umipay.android.d.aa: java.lang.String a()
net.umipay.android.d.aa: java.lang.String b()