code/proguard/mapping.txt
android.media.RemoteController -> android.media.RemoteController:
    boolean setArtworkConfiguration(int,int) -> a
    boolean sendMediaKeyEvent(android.view.KeyEvent) -> a
android.media.RemoteController$MetadataEditor -> android.media.a:
    java.lang.String getString(int,java.lang.String) -> a
    long getLong(int,long) -> a
    android.graphics.Bitmap getBitmap(int,android.graphics.Bitmap) -> a
android.media.RemoteController$OnClientUpdateListener -> android.media.b:
    void onClientChange(boolean) -> onClientChange
    void onClientMetadataUpdate(android.media.RemoteController$MetadataEditor) -> onClientMetadataUpdate
    void onClientPlaybackStateUpdate(int,long,long,float) -> onClientPlaybackStateUpdate
    void onClientPlaybackStateUpdate(int) -> onClientPlaybackStateUpdate
    void onClientTransportControlUpdate(int) -> onClientTransportControlUpdate
android.support.v4.app.ActionBarDrawerToggle -> android.support.v4.app.ActionBarDrawerToggle:
    android.support.v4.app.ActionBarDrawerToggle$ActionBarDrawerToggleImpl IMPL -> a
    android.app.Activity mActivity -> b
    android.support.v4.app.ActionBarDrawerToggle$Delegate mActivityImpl -> c
    android.support.v4.widget.DrawerLayout mDrawerLayout -> d
    boolean mDrawerIndicatorEnabled -> e
    android.graphics.drawable.Drawable mThemeImage -> f
    android.support.v4.app.ActionBarDrawerToggle$SlideDrawable mSlider -> g
    int mOpenDrawerContentDescRes -> h
    int mCloseDrawerContentDescRes -> i
    java.lang.Object mSetIndicatorInfo -> j
    void setDrawerIndicatorEnabled(boolean) -> setDrawerIndicatorEnabled
    void onDrawerSlide(android.view.View,float) -> a
    void onDrawerOpened(android.view.View) -> a
    void onDrawerClosed(android.view.View) -> b
    void onDrawerStateChanged(int) -> a
    android.graphics.drawable.Drawable getThemeUpIndicator() -> getThemeUpIndicator
    void setActionBarUpIndicator(android.graphics.drawable.Drawable,int) -> a
    void setActionBarDescription(int) -> setActionBarDescription
android.support.v4.app.ActionBarDrawerToggle$1 -> android.support.v4.app.a:
android.support.v4.app.ActionBarDrawerToggle$ActionBarDrawerToggleImpl -> android.support.v4.app.b:
    android.graphics.drawable.Drawable getThemeUpIndicator(android.app.Activity) -> a
    java.lang.Object setActionBarUpIndicator(java.lang.Object,android.app.Activity,android.graphics.drawable.Drawable,int) -> a
    java.lang.Object setActionBarDescription(java.lang.Object,android.app.Activity,int) -> a
android.support.v4.app.ActionBarDrawerToggle$ActionBarDrawerToggleImplBase -> android.support.v4.app.c:
    android.graphics.drawable.Drawable getThemeUpIndicator(android.app.Activity) -> a
    java.lang.Object setActionBarUpIndicator(java.lang.Object,android.app.Activity,android.graphics.drawable.Drawable,int) -> a
    java.lang.Object setActionBarDescription(java.lang.Object,android.app.Activity,int) -> a
android.support.v4.app.ActionBarDrawerToggle$ActionBarDrawerToggleImplHC -> android.support.v4.app.d:
    android.graphics.drawable.Drawable getThemeUpIndicator(android.app.Activity) -> a
    java.lang.Object setActionBarUpIndicator(java.lang.Object,android.app.Activity,android.graphics.drawable.Drawable,int) -> a
    java.lang.Object setActionBarDescription(java.lang.Object,android.app.Activity,int) -> a
android.support.v4.app.ActionBarDrawerToggle$Delegate -> android.support.v4.app.ActionBarDrawerToggle$Delegate:
    android.graphics.drawable.Drawable getThemeUpIndicator() -> getThemeUpIndicator
    void setActionBarUpIndicator(android.graphics.drawable.Drawable,int) -> a
    void setActionBarDescription(int) -> setActionBarDescription